[19:47:43.144][info] [#0:/home/ankit/.local/share/nvim/mason/packages/lua-language-server/libexec/main.lua:68]: Lua Lsp startup, root: 	/home/ankit/.local/share/nvim/mason/packages/lua-language-server/libexec
[19:47:43.144][info] [#0:/home/ankit/.local/share/nvim/mason/packages/lua-language-server/libexec/main.lua:69]: ROOT:	/home/ankit/.local/share/nvim/mason/packages/lua-language-server/libexec
[19:47:43.144][info] [#0:/home/ankit/.local/share/nvim/mason/packages/lua-language-server/libexec/main.lua:70]: LOGPATH:	/home/ankit/.local/share/nvim/mason/packages/lua-language-server/libexec/log
[19:47:43.144][info] [#0:/home/ankit/.local/share/nvim/mason/packages/lua-language-server/libexec/main.lua:71]: METAPATH:	/home/ankit/.local/share/nvim/mason/packages/lua-language-server/libexec/meta
[19:47:43.145][info] [#0:/home/ankit/.local/share/nvim/mason/packages/lua-language-server/libexec/main.lua:72]: VERSION:	3.10.4
[19:47:43.186][info] [#0:script/proto/proto.lua:234]: Listen Mode: stdio
[19:47:43.187][info] [#0:script/service/service.lua:146]: 
========= Medical Examination Report =========
    --------------- Memory ---------------
        Total: 2.237 MB
        # 00 : 2.237 MB
        # 01 : 0.000 MB
        # 02 : 0.000 MB
        # 03 : 0.000 MB
        # 04 : 0.000 MB
    --------------- Coroutine ---------------
        Total:     0
        Running:   0
        Suspended: 0
        Normal:    0
        Dead:      0
    --------------- Cache ---------------
        Total: 1
        Dead:  0
    ---------------  RPC  ---------------
        Holdon:   0
        Waiting:  0
==============================================
[19:47:43.194][info] [#0:script/client.lua:657]: Client init	{
  capabilities = {
    general = {
      positionEncodings = { "utf-16" }
    },
    textDocument = {
      callHierarchy = {
        dynamicRegistration = false
      },
      codeAction = {
        codeActionLiteralSupport = {
          codeActionKind = {
            valueSet = { "", "quickfix", "refactor", "refactor.extract", "refactor.inline", "refactor.rewrite", "source", "source.organizeImports" }
          }
        },
        dataSupport = true,
        dynamicRegistration = true,
        isPreferredSupport = true,
        resolveSupport = {
          properties = { "edit" }
        }
      },
      codeLens = {
        dynamicRegistration = false,
        resolveSupport = {
          properties = { "command" }
        }
      },
      completion = {
        completionItem = {
          commitCharactersSupport = true,
          deprecatedSupport = true,
          documentationFormat = { "markdown", "plaintext" },
          insertReplaceSupport = true,
          labelDetailsSupport = true,
          preselectSupport = true,
          resolveSupport = {
            properties = { "documentation", "detail", "additionalTextEdits" }
          },
          snippetSupport = true,
          tagSupport = {
            valueSet = { 1 }
          }
        },
        completionItemKind = {
          valueSet = { 1, 2, 3, 4, 5, 6, 7, 8, 9, 10, 11, 12, 13, 14, 15, 16, 17, 18, 19, 20, 21, 22, 23, 24, 25 }
        },
        completionList = {
          itemDefaults = { "editRange", "insertTextFormat", "insertTextMode", "data" }
        },
        contextSupport = false,
        dynamicRegistration = false
      },
      declaration = {
        linkSupport = true
      },
      definition = {
        dynamicRegistration = true,
        linkSupport = true
      },
      diagnostic = {
        dynamicRegistration = false
      },
      documentHighlight = {
        dynamicRegistration = false
      },
      documentSymbol = {
        dynamicRegistration = false,
        hierarchicalDocumentSymbolSupport = true,
        symbolKind = {
          valueSet = { 1, 2, 3, 4, 5, 6, 7, 8, 9, 10, 11, 12, 13, 14, 15, 16, 17, 18, 19, 20, 21, 22, 23, 24, 25, 26 }
        }
      },
      formatting = {
        dynamicRegistration = true
      },
      hover = {
        contentFormat = { "markdown", "plaintext" },
        dynamicRegistration = true
      },
      implementation = {
        linkSupport = true
      },
      inlayHint = {
        dynamicRegistration = true,
        resolveSupport = {
          properties = { "textEdits", "tooltip", "location", "command" }
        }
      },
      publishDiagnostics = {
        dataSupport = true,
        relatedInformation = true,
        tagSupport = {
          valueSet = { 1, 2 }
        }
      },
      rangeFormatting = {
        dynamicRegistration = true,
        rangesSupport = true
      },
      references = {
        dynamicRegistration = false
      },
      rename = {
        dynamicRegistration = true,
        prepareSupport = true
      },
      semanticTokens = {
        augmentsSyntaxTokens = true,
        dynamicRegistration = false,
        formats = { "relative" },
        multilineTokenSupport = false,
        overlappingTokenSupport = true,
        requests = {
          full = {
            delta = true
          },
          range = false
        },
        serverCancelSupport = false,
        tokenModifiers = { "declaration", "definition", "readonly", "static", "deprecated", "abstract", "async", "modification", "documentation", "defaultLibrary" },
        tokenTypes = { "namespace", "type", "class", "enum", "interface", "struct", "typeParameter", "parameter", "variable", "property", "enumMember", "event", "function", "method", "macro", "keyword", "modifier", "comment", "string", "number", "regexp", "operator", "decorator" }
      },
      signatureHelp = {
        dynamicRegistration = false,
        signatureInformation = {
          activeParameterSupport = true,
          documentationFormat = { "markdown", "plaintext" },
          parameterInformation = {
            labelOffsetSupport = true
          }
        }
      },
      synchronization = {
        didSave = true,
        dynamicRegistration = false,
        willSave = true,
        willSaveWaitUntil = true
      },
      typeDefinition = {
        linkSupport = true
      }
    },
    window = {
      showDocument = {
        support = true
      },
      showMessage = {
        messageActionItem = {
          additionalPropertiesSupport = false
        }
      },
      workDoneProgress = true
    },
    workspace = {
      applyEdit = true,
      configuration = true,
      didChangeConfiguration = {
        dynamicRegistration = false
      },
      didChangeWatchedFiles = {
        dynamicRegistration = false,
        relativePatternSupport = true
      },
      inlayHint = {
        refreshSupport = true
      },
      semanticTokens = {
        refreshSupport = true
      },
      symbol = {
        dynamicRegistration = false,
        symbolKind = {
          valueSet = { 1, 2, 3, 4, 5, 6, 7, 8, 9, 10, 11, 12, 13, 14, 15, 16, 17, 18, 19, 20, 21, 22, 23, 24, 25, 26 }
        }
      },
      workspaceEdit = {
        resourceOperations = { "rename", "create", "delete" }
      },
      workspaceFolders = true
    }
  },
  clientInfo = {
    name = "Neovim",
    version = "0.11.0-dev"
  },
  initializationOptions = {},
  processId = 225814,
  rootPath = "/home/ankit/.local/share/nvim/mason/packages/lua-language-server/libexec/meta/3rd/Jass",
  rootUri = "file:///home/ankit/.local/share/nvim/mason/packages/lua-language-server/libexec/meta/3rd/Jass",
  trace = "off",
  workDoneToken = "1",
  workspaceFolders = { {
      name = "/home/ankit/.local/share/nvim/mason/packages/lua-language-server/libexec/meta/3rd/Jass",
      uri = "file:///home/ankit/.local/share/nvim/mason/packages/lua-language-server/libexec/meta/3rd/Jass"
    } }
}
[19:47:43.194][info] [#0:script/language.lua:137]: VSC language: nil
[19:47:43.194][info] [#0:script/language.lua:138]: LS  language: en-us
[19:47:43.194][info] [#0:script/workspace/workspace.lua:38]: Workspace init root: 	file:///home/ankit/.local/share/nvim/mason/packages/lua-language-server/libexec/meta/3rd/Jass
[19:47:43.194][info] [#0:script/workspace/workspace.lua:42]: Log path: 	/home/ankit/.local/share/nvim/mason/packages/lua-language-server/libexec/log/file_home_ankit_.local_share_nvim_mason_packages_lua-language-server_libexec_meta_3rd_Jass.log
[19:47:43.194][info] [#0:script/workspace/workspace.lua:48]: Workspace create: 	file:///home/ankit/.local/share/nvim/mason/packages/lua-language-server/libexec/meta/3rd/Jass
[19:47:43.399][info] [#0:script/provider/provider.lua:46]: Load config from client	file:///home/ankit/.local/share/nvim/mason/packages/lua-language-server/libexec/meta/3rd/Jass
[19:47:43.399][info] [#0:script/provider/provider.lua:47]: {
  Lua = {
    diagnostics = {
      globals = { "vim" }
    },
    workspace = {
      library = { "/usr/local/share/nvim/runtime/lua", "/usr/local/share/nvim/runtime/lua/vim/lsp", "/home/ankit/.local/share/nvim/lazy/ui/nvchad_types", "/home/ankit/.local/share/nvim/lazy/lazy.nvim/lua/lazy", "${3rd}/luv/library" },
      maxPreload = 100000,
      preloadFileSize = 10000
    }
  }
}
[19:47:43.400][info] [#0:script/provider/provider.lua:46]: Load config from client	file:///home/ankit/.local/share/nvim/mason/packages/lua-language-server/libexec/meta/3rd/Jass
[19:47:43.400][info] [#0:script/provider/provider.lua:47]: {
  Lua = {
    diagnostics = {
      globals = { "vim" }
    },
    workspace = {
      library = { "/usr/local/share/nvim/runtime/lua", "/usr/local/share/nvim/runtime/lua/vim/lsp", "/home/ankit/.local/share/nvim/lazy/ui/nvchad_types", "/home/ankit/.local/share/nvim/lazy/lazy.nvim/lua/lazy", "${3rd}/luv/library" },
      maxPreload = 100000,
      preloadFileSize = 10000
    }
  }
}
[19:47:43.502][info] [#0:script/provider/provider.lua:61]: Load config from client	fallback
[19:47:43.502][info] [#0:script/provider/provider.lua:62]: {
  Lua = {
    diagnostics = {
      globals = { "vim" }
    },
    workspace = {
      library = { "/usr/local/share/nvim/runtime/lua", "/usr/local/share/nvim/runtime/lua/vim/lsp", "/home/ankit/.local/share/nvim/lazy/ui/nvchad_types", "/home/ankit/.local/share/nvim/lazy/lazy.nvim/lua/lazy", "${3rd}/luv/library" },
      maxPreload = 100000,
      preloadFileSize = 10000
    }
  }
}
[19:47:43.502][info] [#0:script/provider/provider.lua:61]: Load config from client	fallback
[19:47:43.502][info] [#0:script/provider/provider.lua:62]: {
  Lua = {
    diagnostics = {
      globals = { "vim" }
    },
    workspace = {
      library = { "/usr/local/share/nvim/runtime/lua", "/usr/local/share/nvim/runtime/lua/vim/lsp", "/home/ankit/.local/share/nvim/lazy/ui/nvchad_types", "/home/ankit/.local/share/nvim/lazy/lazy.nvim/lua/lazy", "${3rd}/luv/library" },
      maxPreload = 100000,
      preloadFileSize = 10000
    }
  }
}
[19:47:43.644][info] [#0:script/library.lua:212]: Init builtin library at:	file:///home/ankit/.local/share/nvim/mason/packages/lua-language-server/libexec/meta/3rd/Jass
[19:47:43.683][info] [#0:script/library.lua:212]: Init builtin library at:	nil
[19:47:43.717][info] [#0:script/workspace/workspace.lua:324]: Preload start:	file:///home/ankit/.local/share/nvim/mason/packages/lua-language-server/libexec/meta/3rd/Jass
[19:47:43.735][info] [#0:script/workspace/workspace.lua:330]: Scan files at:	file:///home/ankit/.local/share/nvim/mason/packages/lua-language-server/libexec/meta/3rd/Jass
[19:47:43.738][info] [#0:script/workspace/workspace.lua:324]: Preload start:	<fallback>
[19:47:43.747][info] [#0:script/workspace/workspace.lua:353]: Scan library at:	file:///home/ankit/.local/share/nvim/mason/packages/lua-language-server/libexec/meta/Lua%205.4%20en-us%20utf8/coroutine.lua
[19:47:43.748][info] [#0:script/workspace/workspace.lua:353]: Scan library at:	file:///home/ankit/.local/share/nvim/mason/packages/lua-language-server/libexec/meta/Lua%205.4%20en-us%20utf8/debug.lua
[19:47:43.748][info] [#0:script/workspace/workspace.lua:353]: Scan library at:	file:///home/ankit/.local/share/nvim/mason/packages/lua-language-server/libexec/meta/Lua%205.4%20en-us%20utf8/coroutine.lua
[19:47:43.748][info] [#0:script/workspace/workspace.lua:353]: Scan library at:	file:///usr/local/share/nvim/runtime/lua
[19:47:43.759][info] [#0:script/workspace/workspace.lua:353]: Scan library at:	file:///home/ankit/.local/share/nvim/mason/packages/lua-language-server/libexec/meta/Lua%205.4%20en-us%20utf8/debug.lua
[19:47:43.760][info] [#0:script/workspace/workspace.lua:353]: Scan library at:	file:///usr/local/share/nvim/runtime/lua
[19:47:43.809][info] [#0:script/workspace/workspace.lua:353]: Scan library at:	file:///home/ankit/.local/share/nvim/mason/packages/lua-language-server/libexec/meta/Lua%205.4%20en-us%20utf8/utf8.lua
[19:47:43.811][info] [#0:script/workspace/workspace.lua:353]: Scan library at:	file:///home/ankit/.local/share/nvim/lazy/lazy.nvim/lua/lazy
[19:47:43.816][info] [#0:script/workspace/workspace.lua:353]: Scan library at:	file:///home/ankit/.local/share/nvim/mason/packages/lua-language-server/libexec/meta/Lua%205.4%20en-us%20utf8/utf8.lua
[19:47:43.816][info] [#0:script/workspace/workspace.lua:353]: Scan library at:	file:///home/ankit/.local/share/nvim/lazy/lazy.nvim/lua/lazy
[19:47:43.841][info] [#0:script/workspace/workspace.lua:353]: Scan library at:	file:///home/ankit/.local/share/nvim/mason/packages/lua-language-server/libexec/meta/Lua%205.4%20en-us%20utf8/table.lua
[19:47:43.842][info] [#0:script/workspace/workspace.lua:353]: Scan library at:	file:///home/ankit/.local/share/nvim/mason/packages/lua-language-server/libexec/meta/Lua%205.4%20en-us%20utf8/math.lua
[19:47:43.842][info] [#0:script/workspace/workspace.lua:353]: Scan library at:	file:///home/ankit/.local/share/nvim/mason/packages/lua-language-server/libexec/meta/Lua%205.4%20en-us%20utf8/table.lua
[19:47:43.843][info] [#0:script/workspace/workspace.lua:353]: Scan library at:	file:///home/ankit/.local/share/nvim/mason/packages/lua-language-server/libexec/meta/Lua%205.4%20en-us%20utf8/package.lua
[19:47:43.843][info] [#0:script/workspace/workspace.lua:353]: Scan library at:	file:///home/ankit/.local/share/nvim/mason/packages/lua-language-server/libexec/meta/Lua%205.4%20en-us%20utf8/math.lua
[19:47:43.844][info] [#0:script/workspace/workspace.lua:353]: Scan library at:	file:///home/ankit/.local/share/nvim/mason/packages/lua-language-server/libexec/meta/Lua%205.4%20en-us%20utf8/io.lua
[19:47:43.844][info] [#0:script/workspace/workspace.lua:353]: Scan library at:	file:///home/ankit/.local/share/nvim/mason/packages/lua-language-server/libexec/meta/Lua%205.4%20en-us%20utf8/package.lua
[19:47:43.844][info] [#0:script/workspace/workspace.lua:353]: Scan library at:	file:///home/ankit/.local/share/nvim/mason/packages/lua-language-server/libexec/meta/Lua%205.4%20en-us%20utf8/builtin.lua
[19:47:43.845][info] [#0:script/workspace/workspace.lua:353]: Scan library at:	file:///home/ankit/.local/share/nvim/mason/packages/lua-language-server/libexec/meta/Lua%205.4%20en-us%20utf8/io.lua
[19:47:43.845][info] [#0:script/workspace/workspace.lua:353]: Scan library at:	file:///home/ankit/.local/share/nvim/mason/packages/lua-language-server/libexec/meta/Lua%205.4%20en-us%20utf8/os.lua
[19:47:43.846][info] [#0:script/workspace/workspace.lua:353]: Scan library at:	file:///home/ankit/.local/share/nvim/mason/packages/lua-language-server/libexec/meta/Lua%205.4%20en-us%20utf8/builtin.lua
[19:47:43.846][info] [#0:script/workspace/workspace.lua:353]: Scan library at:	file:///home/ankit/.local/share/nvim/mason/packages/lua-language-server/libexec/meta/Lua%205.4%20en-us%20utf8/basic.lua
[19:47:43.846][info] [#0:script/workspace/workspace.lua:353]: Scan library at:	file:///home/ankit/.local/share/nvim/mason/packages/lua-language-server/libexec/meta/Lua%205.4%20en-us%20utf8/os.lua
[19:47:43.847][info] [#0:script/workspace/workspace.lua:353]: Scan library at:	file:///home/ankit/.local/share/nvim/mason/packages/lua-language-server/libexec/meta/Lua%205.4%20en-us%20utf8/string.lua
[19:47:43.847][info] [#0:script/workspace/workspace.lua:353]: Scan library at:	file:///home/ankit/.local/share/nvim/mason/packages/lua-language-server/libexec/meta/Lua%205.4%20en-us%20utf8/basic.lua
[19:47:43.848][info] [#0:script/workspace/workspace.lua:353]: Scan library at:	file:///home/ankit/.local/share/nvim/mason/packages/lua-language-server/libexec/meta/3rd/luv/library
[19:47:43.852][info] [#0:script/workspace/workspace.lua:353]: Scan library at:	file:///home/ankit/.local/share/nvim/mason/packages/lua-language-server/libexec/meta/Lua%205.4%20en-us%20utf8/string.lua
[19:47:43.853][info] [#0:script/workspace/workspace.lua:353]: Scan library at:	file:///home/ankit/.local/share/nvim/mason/packages/lua-language-server/libexec/meta/3rd/luv/library
[19:47:43.864][info] [#0:script/workspace/workspace.lua:353]: Scan library at:	file:///usr/local/share/nvim/runtime/lua/vim/lsp
[19:47:43.867][info] [#0:script/workspace/workspace.lua:353]: Scan library at:	file:///usr/local/share/nvim/runtime/lua/vim/lsp
[19:47:43.875][info] [#0:script/workspace/workspace.lua:353]: Scan library at:	file:///home/ankit/.local/share/nvim/lazy/ui/nvchad_types
[19:47:43.876][info] [#0:script/workspace/workspace.lua:353]: Scan library at:	file:///home/ankit/.local/share/nvim/lazy/ui/nvchad_types
[19:47:43.979][info] [#0:script/workspace/workspace.lua:379]: Found 231 files at:	<fallback>
[19:47:43.979][info] [#0:script/workspace/loading.lua:161]: Load files from disk:	<fallback>
[19:47:43.979][info] [#0:script/workspace/workspace.lua:379]: Found 232 files at:	file:///home/ankit/.local/share/nvim/mason/packages/lua-language-server/libexec/meta/3rd/Jass
[19:47:43.979][info] [#0:script/workspace/loading.lua:161]: Load files from disk:	file:///home/ankit/.local/share/nvim/mason/packages/lua-language-server/libexec/meta/3rd/Jass
[19:47:43.985][info] [#0:script/workspace/loading.lua:101]: Preload file at: file:///home/ankit/.local/share/nvim/lazy/ui/nvchad_types/all_hl_groups.lua , size = 86.901 KB
[19:47:44.117][info] [#0:script/workspace/loading.lua:113]: ++++As library of:	file:///home/ankit/.local/share/nvim/lazy/ui/nvchad_types
[19:47:44.117][info] [#0:script/workspace/loading.lua:101]: Preload file at: file:///home/ankit/.local/share/nvim/lazy/ui/nvchad_types/base46.lua , size = 6.033 KB
[19:47:44.122][info] [#0:script/workspace/loading.lua:113]: ++++As library of:	file:///home/ankit/.local/share/nvim/lazy/ui/nvchad_types
[19:47:44.122][info] [#0:script/workspace/loading.lua:98]: Skip loaded file: file:///home/ankit/.local/share/nvim/lazy/ui/nvchad_types/base46.lua
[19:47:44.122][info] [#0:script/workspace/loading.lua:101]: Preload file at: file:///home/ankit/.local/share/nvim/lazy/ui/nvchad_types/plugins.lua , size = 5.781 KB
[19:47:44.126][info] [#0:script/workspace/loading.lua:113]: ++++As library of:	file:///home/ankit/.local/share/nvim/lazy/ui/nvchad_types
[19:47:44.127][info] [#0:script/workspace/loading.lua:98]: Skip loaded file: file:///home/ankit/.local/share/nvim/lazy/ui/nvchad_types/plugins.lua
[19:47:44.127][info] [#0:script/workspace/loading.lua:101]: Preload file at: file:///home/ankit/.local/share/nvim/lazy/ui/nvchad_types/themes.lua , size = 5.847 KB
[19:47:44.136][info] [#0:script/workspace/loading.lua:113]: ++++As library of:	file:///home/ankit/.local/share/nvim/lazy/ui/nvchad_types
[19:47:44.136][info] [#0:script/workspace/loading.lua:98]: Skip loaded file: file:///home/ankit/.local/share/nvim/lazy/ui/nvchad_types/themes.lua
[19:47:44.136][info] [#0:script/workspace/loading.lua:101]: Preload file at: file:///home/ankit/.local/share/nvim/lazy/ui/nvchad_types/chadrc.lua , size = 5.437 KB
[19:47:44.140][info] [#0:script/workspace/loading.lua:113]: ++++As library of:	file:///home/ankit/.local/share/nvim/lazy/ui/nvchad_types
[19:47:44.140][info] [#0:script/workspace/loading.lua:98]: Skip loaded file: file:///home/ankit/.local/share/nvim/lazy/ui/nvchad_types/chadrc.lua
[19:47:44.140][info] [#0:script/workspace/loading.lua:101]: Preload file at: file:///home/ankit/.local/share/nvim/lazy/ui/nvchad_types/keymaps.lua , size = 1.461 KB
[19:47:44.142][info] [#0:script/workspace/loading.lua:113]: ++++As library of:	file:///home/ankit/.local/share/nvim/lazy/ui/nvchad_types
[19:47:44.142][info] [#0:script/workspace/loading.lua:98]: Skip loaded file: file:///home/ankit/.local/share/nvim/lazy/ui/nvchad_types/keymaps.lua
[19:47:44.142][info] [#0:script/workspace/loading.lua:98]: Skip loaded file: file:///home/ankit/.local/share/nvim/lazy/ui/nvchad_types/all_hl_groups.lua
[19:47:44.142][info] [#0:script/workspace/loading.lua:101]: Preload file at: file:///usr/local/share/nvim/runtime/lua/vim/lsp/rpc.lua , size = 26.100 KB
[19:47:44.163][info] [#0:script/workspace/loading.lua:113]: ++++As library of:	file:///usr/local/share/nvim/runtime/lua/vim/lsp
[19:47:44.163][info] [#0:script/workspace/loading.lua:98]: Skip loaded file: file:///usr/local/share/nvim/runtime/lua/vim/lsp/rpc.lua
[19:47:44.163][info] [#0:script/workspace/loading.lua:101]: Preload file at: file:///usr/local/share/nvim/runtime/lua/vim/lsp/health.lua , size = 5.412 KB
[19:47:44.168][info] [#0:script/workspace/loading.lua:113]: ++++As library of:	file:///usr/local/share/nvim/runtime/lua/vim/lsp
[19:47:44.168][info] [#0:script/workspace/loading.lua:98]: Skip loaded file: file:///usr/local/share/nvim/runtime/lua/vim/lsp/health.lua
[19:47:44.168][info] [#0:script/workspace/loading.lua:101]: Preload file at: file:///usr/local/share/nvim/runtime/lua/vim/lsp/_meta.lua , size = 0.440 KB
[19:47:44.169][info] [#0:script/workspace/loading.lua:113]: ++++As library of:	file:///usr/local/share/nvim/runtime/lua/vim/lsp
[19:47:44.169][info] [#0:script/workspace/loading.lua:98]: Skip loaded file: file:///usr/local/share/nvim/runtime/lua/vim/lsp/_meta.lua
[19:47:44.169][info] [#0:script/workspace/loading.lua:101]: Preload file at: file:///usr/local/share/nvim/runtime/lua/vim/lsp/_meta/protocol.lua , size = 175.331 KB
[19:47:44.281][info] [#0:script/workspace/loading.lua:113]: ++++As library of:	file:///usr/local/share/nvim/runtime/lua/vim/lsp
[19:47:44.281][info] [#0:script/workspace/loading.lua:98]: Skip loaded file: file:///usr/local/share/nvim/runtime/lua/vim/lsp/_meta/protocol.lua
[19:47:44.281][info] [#0:script/workspace/loading.lua:101]: Preload file at: file:///usr/local/share/nvim/runtime/lua/vim/lsp/completion.lua , size = 22.327 KB
[19:47:44.304][info] [#0:script/workspace/loading.lua:113]: ++++As library of:	file:///usr/local/share/nvim/runtime/lua/vim/lsp
[19:47:44.304][info] [#0:script/workspace/loading.lua:98]: Skip loaded file: file:///usr/local/share/nvim/runtime/lua/vim/lsp/completion.lua
[19:47:44.304][info] [#0:script/workspace/loading.lua:101]: Preload file at: file:///usr/local/share/nvim/runtime/lua/vim/lsp/_snippet_grammar.lua , size = 6.179 KB
[19:47:44.313][info] [#0:script/workspace/loading.lua:113]: ++++As library of:	file:///usr/local/share/nvim/runtime/lua/vim/lsp
[19:47:44.313][info] [#0:script/workspace/loading.lua:98]: Skip loaded file: file:///usr/local/share/nvim/runtime/lua/vim/lsp/_snippet_grammar.lua
[19:47:44.313][info] [#0:script/workspace/loading.lua:101]: Preload file at: file:///usr/local/share/nvim/runtime/lua/vim/lsp/log.lua , size = 4.695 KB
[19:47:44.319][info] [#0:script/workspace/loading.lua:113]: ++++As library of:	file:///usr/local/share/nvim/runtime/lua/vim/lsp
[19:47:44.319][info] [#0:script/workspace/loading.lua:89]: Skip loaded file: file:///usr/local/share/nvim/runtime/lua/vim/lsp/log.lua
[19:47:44.319][info] [#0:script/workspace/loading.lua:113]: ++++As library of:	file:///usr/local/share/nvim/runtime/lua/vim/lsp
[19:47:44.320][info] [#0:script/workspace/loading.lua:101]: Preload file at: file:///usr/local/share/nvim/runtime/lua/vim/lsp/_watchfiles.lua , size = 6.893 KB
[19:47:44.327][info] [#0:script/workspace/loading.lua:113]: ++++As library of:	file:///usr/local/share/nvim/runtime/lua/vim/lsp
[19:47:44.327][info] [#0:script/workspace/loading.lua:98]: Skip loaded file: file:///usr/local/share/nvim/runtime/lua/vim/lsp/_watchfiles.lua
[19:47:44.327][info] [#0:script/workspace/loading.lua:101]: Preload file at: file:///usr/local/share/nvim/runtime/lua/vim/lsp/semantic_tokens.lua , size = 26.729 KB
[19:47:44.352][info] [#0:script/workspace/loading.lua:113]: ++++As library of:	file:///usr/local/share/nvim/runtime/lua/vim/lsp
[19:47:44.352][info] [#0:script/workspace/loading.lua:89]: Skip loaded file: file:///usr/local/share/nvim/runtime/lua/vim/lsp/semantic_tokens.lua
[19:47:44.352][info] [#0:script/workspace/loading.lua:113]: ++++As library of:	file:///usr/local/share/nvim/runtime/lua/vim/lsp
[19:47:44.353][info] [#0:script/workspace/loading.lua:101]: Preload file at: file:///usr/local/share/nvim/runtime/lua/vim/lsp/handlers.lua , size = 26.831 KB
[19:47:44.378][info] [#0:script/workspace/loading.lua:113]: ++++As library of:	file:///usr/local/share/nvim/runtime/lua/vim/lsp
[19:47:44.378][info] [#0:script/workspace/loading.lua:98]: Skip loaded file: file:///usr/local/share/nvim/runtime/lua/vim/lsp/handlers.lua
[19:47:44.378][info] [#0:script/workspace/loading.lua:101]: Preload file at: file:///usr/local/share/nvim/runtime/lua/vim/lsp/inlay_hint.lua , size = 12.312 KB
[19:47:44.393][info] [#0:script/workspace/loading.lua:113]: ++++As library of:	file:///usr/local/share/nvim/runtime/lua/vim/lsp
[19:47:44.393][info] [#0:script/workspace/loading.lua:98]: Skip loaded file: file:///usr/local/share/nvim/runtime/lua/vim/lsp/inlay_hint.lua
[19:47:44.393][info] [#0:script/workspace/loading.lua:101]: Preload file at: file:///usr/local/share/nvim/runtime/lua/vim/lsp/sync.lua , size = 16.744 KB
[19:47:44.407][info] [#0:script/workspace/loading.lua:113]: ++++As library of:	file:///usr/local/share/nvim/runtime/lua/vim/lsp
[19:47:44.408][info] [#0:script/workspace/loading.lua:98]: Skip loaded file: file:///usr/local/share/nvim/runtime/lua/vim/lsp/sync.lua
[19:47:44.408][info] [#0:script/provider/provider.lua:169]: Server shutdown.
[19:47:44.408][warn] [#0:script/pub/report.lua:25]: Load proto error:	Disconnected!
